<?xml version="1.0" encoding="UTF-8"?>
<robot generator="Robot 7.3.2 (Python 3.12.4 on win32)" generated="2025-09-05T10:25:04.179118" rpa="false" schemaversion="5">
<suite id="s1" name="Api Testing Usuarios" source="c:\Users\CLELIMA\Documents\CDG_Test\RobotFramework\Robot-Framework-Studies\ApiTesting\ApiTesting\tests\api_testing_usuarios.robot">
<test id="s1-t1" name="Cenário 01: Cadastrar um novo usuário com sucesso na ServeRest" line="6">
<kw name="Criar um usuário novo" owner="api_testing_usuarios">
<kw name="Generate Random String" owner="String">
<msg time="2025-09-05T10:25:04.865940" level="INFO">${palavra_aleatoria} = Vddg</msg>
<var>${palavra_aleatoria}</var>
<arg>length=4</arg>
<arg>chars=[LETTERS]</arg>
<doc>Generates a string with a desired ``length`` from the given ``chars``.</doc>
<status status="PASS" start="2025-09-05T10:25:04.864939" elapsed="0.005003"/>
</kw>
<kw name="Convert To Lower Case" owner="String">
<msg time="2025-09-05T10:25:04.870998" level="INFO">${palavra_aleatoria} = vddg</msg>
<var>${palavra_aleatoria}</var>
<arg>${palavra_aleatoria}</arg>
<doc>Converts string to lower case.</doc>
<status status="PASS" start="2025-09-05T10:25:04.869942" elapsed="0.001134"/>
</kw>
<kw name="Set Test Variable" owner="BuiltIn">
<msg time="2025-09-05T10:25:04.872078" level="INFO">${EMAIL_TESTE} = vddg@emailteste.com</msg>
<arg>${EMAIL_TESTE}</arg>
<arg>${palavra_aleatoria}@emailteste.com</arg>
<doc>Makes a variable available everywhere within the scope of the current test.</doc>
<status status="PASS" start="2025-09-05T10:25:04.871076" elapsed="0.001002"/>
</kw>
<kw name="Log" owner="BuiltIn">
<msg time="2025-09-05T10:25:04.873078" level="INFO">vddg@emailteste.com</msg>
<arg>${EMAIL_TESTE}</arg>
<doc>Logs the given message with the given level.</doc>
<status status="PASS" start="2025-09-05T10:25:04.873078" elapsed="0.000000"/>
</kw>
<kw name="Log To Console" owner="BuiltIn">
<arg>${EMAIL_TESTE}</arg>
<doc>Logs the given message to the console.</doc>
<status status="PASS" start="2025-09-05T10:25:04.873078" elapsed="0.001001"/>
</kw>
<status status="PASS" start="2025-09-05T10:25:04.863938" elapsed="0.010141"/>
</kw>
<kw name="Cadastrar o usuário criado na ServeRest" owner="api_testing_usuarios">
<kw name="Create Dictionary" owner="BuiltIn">
<msg time="2025-09-05T10:25:04.876078" level="INFO">${body} = {'nome': 'Fulano da Silva', 'email': 'vddg@emailteste.com', 'password': '1234', 'administrador': 'true'}</msg>
<var>${body}</var>
<arg>nome=Fulano da Silva</arg>
<arg>email=${email}</arg>
<arg>password=1234</arg>
<arg>administrador=true</arg>
<doc>Creates and returns a dictionary based on the given ``items``.</doc>
<status status="PASS" start="2025-09-05T10:25:04.875079" elapsed="0.000999"/>
</kw>
<kw name="Log" owner="BuiltIn">
<msg time="2025-09-05T10:25:04.876078" level="INFO">{'nome': 'Fulano da Silva', 'email': 'vddg@emailteste.com', 'password': '1234', 'administrador': 'true'}</msg>
<arg>${body}</arg>
<doc>Logs the given message with the given level.</doc>
<status status="PASS" start="2025-09-05T10:25:04.876078" elapsed="0.000999"/>
</kw>
<kw name="Criar Sessão na ServeRest" owner="api_testing_usuarios">
<kw name="Create Dictionary" owner="BuiltIn">
<msg time="2025-09-05T10:25:04.877077" level="INFO">${headers} = {'accept': 'application/json', 'Content-Type': 'application/json'}</msg>
<var>${headers}</var>
<arg>accept=application/json</arg>
<arg>Content-Type=application/json</arg>
<doc>Creates and returns a dictionary based on the given ``items``.</doc>
<status status="PASS" start="2025-09-05T10:25:04.877077" elapsed="0.000000"/>
</kw>
<kw name="Create Session" owner="RequestsLibrary">
<msg time="2025-09-05T10:25:04.878079" level="INFO">Creating Session using : alias=ServeRest, url=https://serverest.dev, headers={'accept': 'application/json', 'Content-Type': 'application/json'},                     cookies={}, auth=None, timeout=None, proxies=None, verify=False,                     debug=0 </msg>
<arg>alias=ServeRest</arg>
<arg>url=https://serverest.dev</arg>
<arg>headers=${headers}</arg>
<doc>Create Session: create a HTTP session to a server</doc>
<status status="PASS" start="2025-09-05T10:25:04.878079" elapsed="0.000000"/>
</kw>
<status status="PASS" start="2025-09-05T10:25:04.877077" elapsed="0.001807"/>
</kw>
<kw name="POST On Session" owner="RequestsLibrary">
<msg time="2025-09-05T10:25:05.581264" level="INFO">POST Request : url=https://serverest.dev/usuarios 
 path_url=/usuarios 
 headers={'User-Agent': 'python-requests/2.32.4', 'Accept-Encoding': 'gzip, deflate', 'accept': 'application/json', 'Connection': 'keep-alive', 'Content-Type': 'application/json', 'Content-Length': '104'} 
 body=b'{"nome": "Fulano da Silva", "email": "vddg@emailteste.com", "password": "1234", "administrador": "true"}' 
 </msg>
<msg time="2025-09-05T10:25:05.581264" level="INFO">POST Response : url=https://serverest.dev/usuarios 
 status=201, reason=Created 
 headers={'access-control-allow-origin': '*', 'x-dns-prefetch-control': 'off', 'x-frame-options': 'SAMEORIGIN', 'strict-transport-security': 'max-age=15552000; includeSubDomains', 'x-download-options': 'noopen', 'x-content-type-options': 'nosniff', 'x-xss-protection': '1; mode=block', 'content-type': 'application/json; charset=utf-8', 'x-cloud-trace-context': '6efc73bd156efecabeb2d6fbc37a0f21', 'date': 'Fri, 05 Sep 2025 13:25:04 GMT', 'server': 'Google Frontend', 'Content-Length': '82'} 
 body={
    "message": "Cadastro realizado com sucesso",
    "_id": "oxtCZsoj8qtqMzj4"
} 
 </msg>
<msg time="2025-09-05T10:25:05.581264" level="INFO">C:\Users\CLELIMA\AppData\Roaming\Python\Python312\site-packages\urllib3\connectionpool.py:1097: InsecureRequestWarning: Unverified HTTPS request is being made to host 'serverest.dev'. Adding certificate verification is strongly advised. See: https://urllib3.readthedocs.io/en/latest/advanced-usage.html#tls-warnings
  warnings.warn(</msg>
<msg time="2025-09-05T10:25:05.592089" level="INFO">${resposta} = &lt;Response [201]&gt;</msg>
<var>${resposta}</var>
<arg>alias=ServeRest</arg>
<arg>url=/usuarios</arg>
<arg>json=${body}</arg>
<arg>expected_status=${status_code_desejado}</arg>
<doc>Sends a POST request on a previously created HTTP Session.</doc>
<status status="PASS" start="2025-09-05T10:25:04.878884" elapsed="0.713205"/>
</kw>
<kw name="Log" owner="BuiltIn">
<msg time="2025-09-05T10:25:05.594100" level="INFO">{'message': 'Cadastro realizado com sucesso', '_id': 'oxtCZsoj8qtqMzj4'}</msg>
<arg>${resposta.json()}</arg>
<doc>Logs the given message with the given level.</doc>
<status status="PASS" start="2025-09-05T10:25:05.593100" elapsed="0.001000"/>
</kw>
<kw name="Log To Console" owner="BuiltIn">
<arg>${resposta.json()}</arg>
<doc>Logs the given message to the console.</doc>
<status status="PASS" start="2025-09-05T10:25:05.594100" elapsed="0.016281"/>
</kw>
<if>
<branch type="IF" condition="${resposta.status_code} == 201">
<kw name="Set Test Variable" owner="BuiltIn">
<msg time="2025-09-05T10:25:05.613370" level="INFO">${ID_USUARIO} = oxtCZsoj8qtqMzj4</msg>
<arg>${ID_USUARIO}</arg>
<arg>${resposta.json()["_id"]}</arg>
<doc>Makes a variable available everywhere within the scope of the current test.</doc>
<status status="PASS" start="2025-09-05T10:25:05.613370" elapsed="0.000000"/>
</kw>
<status status="PASS" start="2025-09-05T10:25:05.610381" elapsed="0.002989"/>
</branch>
<status status="PASS" start="2025-09-05T10:25:05.610381" elapsed="0.002989"/>
</if>
<kw name="Set Test Variable" owner="BuiltIn">
<msg time="2025-09-05T10:25:05.613370" level="INFO">${RESPOSTA} = {'message': 'Cadastro realizado com sucesso', '_id': 'oxtCZsoj8qtqMzj4'}</msg>
<arg>${RESPOSTA}</arg>
<arg>${resposta.json()}</arg>
<doc>Makes a variable available everywhere within the scope of the current test.</doc>
<status status="PASS" start="2025-09-05T10:25:05.613370" elapsed="0.000000"/>
</kw>
<arg>email=${EMAIL_TESTE}</arg>
<arg>status_code_desejado=201</arg>
<status status="PASS" start="2025-09-05T10:25:04.875079" elapsed="0.738291"/>
</kw>
<status status="PASS" start="2025-09-05T10:25:04.862939" elapsed="0.765640"/>
</test>
<status status="PASS" start="2025-09-05T10:25:04.193117" elapsed="1.485424"/>
</suite>
<statistics>
<total>
<stat pass="1" fail="0" skip="0">All Tests</stat>
</total>
<tag>
</tag>
<suite>
<stat name="Api Testing Usuarios" id="s1" pass="1" fail="0" skip="0">Api Testing Usuarios</stat>
</suite>
</statistics>
<errors>
</errors>
</robot>
