<?xml version="1.0" encoding="UTF-8"?>
<robot generator="Robot 7.3.2 (Python 3.12.4 on win32)" generated="2025-08-08T12:16:28.816263" rpa="false" schemaversion="5">
<suite id="s1" name="Amazon Test" source="c:\Users\CLELIMA\Documents\CDG_Test\RobotFramework\Robot-Framework-Studies\amazonTest\webTest\Tests\amazon_test.robot">
<test id="s1-t1" name="Caso de Teste 03 - Adicionar Produto no Carrinho" line="27">
<kw name="Abrir o navegador" owner="amazon_resources" type="SETUP">
<kw name="Open Browser" owner="SeleniumLibrary">
<msg time="2025-08-08T12:16:29.227864" level="INFO">Opening browser 'chrome' to base url 'None'.</msg>
<arg>browser=${BROWSER}</arg>
<doc>Opens a new browser instance to the optional ``url``.</doc>
<status status="PASS" start="2025-08-08T12:16:29.227864" elapsed="3.856785"/>
</kw>
<kw name="Maximize Browser Window" owner="SeleniumLibrary">
<doc>Maximizes current browser window.</doc>
<status status="PASS" start="2025-08-08T12:16:33.084649" elapsed="0.043170"/>
</kw>
<status status="PASS" start="2025-08-08T12:16:29.226869" elapsed="3.900950"/>
</kw>
<kw name="Acessar a home page do site Amazon.com.br" owner="amazon_resources">
<kw name="Go To" owner="SeleniumLibrary">
<msg time="2025-08-08T12:16:33.127819" level="INFO">Opening url 'https://www.amazon.com.br/'</msg>
<arg>url=${URL}</arg>
<doc>Navigates the current browser window to the provided ``url``.</doc>
<status status="PASS" start="2025-08-08T12:16:33.127819" elapsed="5.706966"/>
</kw>
<kw name="Wait Until Element Is Visible" owner="SeleniumLibrary">
<arg>locator=${LOGO_AMAZON}</arg>
<doc>Waits until the element ``locator`` is visible.</doc>
<status status="PASS" start="2025-08-08T12:16:38.834785" elapsed="0.058164"/>
</kw>
<status status="PASS" start="2025-08-08T12:16:33.127819" elapsed="5.766125"/>
</kw>
<kw name="Digitar o nome de produto &quot;Xbox Series S&quot; no campo de pesquisa" owner="amazon_resources" source_name="Digitar o nome de produto &quot;${PRODUTO}&quot; no campo de pesquisa">
<kw name="Input Text" owner="SeleniumLibrary">
<msg time="2025-08-08T12:16:38.895942" level="INFO">Typing text 'Xbox Series S' into text field '//div[contains(@class,'field')]/*[@type="text"]'.</msg>
<arg>//div[contains(@class,'field')]/*[@type="text"]</arg>
<arg>${PRODUTO}</arg>
<doc>Types the given ``text`` into the text field identified by ``locator``.</doc>
<status status="PASS" start="2025-08-08T12:16:38.894945" elapsed="0.445380"/>
</kw>
<status status="PASS" start="2025-08-08T12:16:38.894945" elapsed="0.446376"/>
</kw>
<kw name="Clicar no botão de pesquisa" owner="amazon_resources">
<kw name="Click Button" owner="SeleniumLibrary">
<msg time="2025-08-08T12:16:39.344307" level="INFO">Clicking button '//input[contains(@id,'search-submit')]'.</msg>
<arg>locator=//input[contains(@id,'search-submit')]</arg>
<doc>Clicks the button identified by ``locator``.</doc>
<status status="PASS" start="2025-08-08T12:16:39.344307" elapsed="3.233556"/>
</kw>
<status status="PASS" start="2025-08-08T12:16:39.343307" elapsed="3.234556"/>
</kw>
<kw name="Verificar o resultado da pesquisa se está listando o produto &quot;Console Xbox Series S&quot;" owner="amazon_resources" source_name="Verificar o resultado da pesquisa se está listando o produto &quot;${PRODUTO}&quot;">
<kw name="O sistema deve exibir a tela com o resultado da pesquisa ${PRODUTO} listando o produto" owner="amazon_resources" source_name="O sistema deve exibir a tela com o resultado da pesquisa ${PRODUTO} listando o produto">
<kw name="Element Should Be Visible" owner="SeleniumLibrary">
<msg time="2025-08-08T12:16:42.632853" level="INFO">Element '//span[contains(text(), 'Console Xbox Series S')]' is displayed.</msg>
<arg>locator=//span[contains(text(), '${PRODUTO}')]</arg>
<doc>Verifies that the element identified by ``locator`` is visible.</doc>
<status status="PASS" start="2025-08-08T12:16:42.582277" elapsed="0.051566"/>
</kw>
<status status="PASS" start="2025-08-08T12:16:42.580270" elapsed="0.053573"/>
</kw>
<status status="PASS" start="2025-08-08T12:16:42.579261" elapsed="0.055592"/>
</kw>
<kw name="Adicionar o produto &quot;Console Xbox Series S&quot; no carrinho" owner="amazon_resources">
<kw name="Click Element" owner="SeleniumLibrary">
<msg time="2025-08-08T12:16:42.639863" level="INFO">Clicking element '(//span[contains(text(),'Console Xbox Series S')])[1]'.</msg>
<arg>locator=(//span[contains(text(),'Console Xbox Series S')])[1]</arg>
<doc>Click the element identified by ``locator``.</doc>
<status status="PASS" start="2025-08-08T12:16:42.638854" elapsed="5.266509"/>
</kw>
<kw name="Click Element" owner="SeleniumLibrary">
<msg time="2025-08-08T12:16:47.907372" level="INFO">Clicking element '//input[@id="add-to-cart-button"]'.</msg>
<arg>locator=//input[@id="add-to-cart-button"]</arg>
<doc>Click the element identified by ``locator``.</doc>
<status status="PASS" start="2025-08-08T12:16:47.906373" elapsed="0.289330"/>
</kw>
<kw name="Wait Until Element Is Visible" owner="SeleniumLibrary">
<arg>locator=//div[@id="attach-warranty-display"]</arg>
<doc>Waits until the element ``locator`` is visible.</doc>
<status status="PASS" start="2025-08-08T12:16:48.196094" elapsed="2.053254"/>
</kw>
<status status="PASS" start="2025-08-08T12:16:42.635846" elapsed="7.614503"/>
</kw>
<kw name="Fechar o navegador" owner="amazon_resources" type="TEARDOWN">
<kw name="Capture Page Screenshot" owner="SeleniumLibrary">
<msg time="2025-08-08T12:16:50.555193" level="INFO" html="true">&lt;/td&gt;&lt;/tr&gt;&lt;tr&gt;&lt;td colspan="3"&gt;&lt;a href="selenium-screenshot-8.png"&gt;&lt;img src="selenium-screenshot-8.png" width="800px"&gt;&lt;/a&gt;</msg>
<doc>Takes a screenshot of the current page and embeds it into a log file.</doc>
<status status="PASS" start="2025-08-08T12:16:50.251868" elapsed="0.303325"/>
</kw>
<kw name="Close Browser" owner="SeleniumLibrary">
<doc>Closes the current browser.</doc>
<status status="PASS" start="2025-08-08T12:16:50.556202" elapsed="2.801463"/>
</kw>
<status status="PASS" start="2025-08-08T12:16:50.250349" elapsed="3.108318"/>
</kw>
<doc>Esse teste verifica a adição de um produto no carrinho de compras</doc>
<tag>adicionar_carrinho</tag>
<status status="PASS" start="2025-08-08T12:16:29.225858" elapsed="24.133797"/>
</test>
<doc>Essa suite testa o site da Amazon.com.br</doc>
<status status="PASS" start="2025-08-08T12:16:28.828260" elapsed="24.535566"/>
</suite>
<statistics>
<total>
<stat pass="1" fail="0" skip="0">All Tests</stat>
</total>
<tag>
<stat pass="1" fail="0" skip="0">adicionar_carrinho</stat>
</tag>
<suite>
<stat name="Amazon Test" id="s1" pass="1" fail="0" skip="0">Amazon Test</stat>
</suite>
</statistics>
<errors>
</errors>
</robot>
