<?xml version="1.0" encoding="UTF-8"?>
<robot generator="Robot 7.3.2 (Python 3.12.4 on win32)" generated="2025-08-07T11:43:23.923455" rpa="false" schemaversion="5">
<suite id="s1" name="Amazon Test" source="C:\Users\CLELIMA\Documents\CDG_Test\RobotFramework\Robot-Framework-Studies\amazonTest\webTest\Tests\amazon_test.robot">
<test id="s1-t1" name="Test Case 1 - Access to the &quot;Livros&quot; menu" line="9">
<kw name="Abrir o navegador" owner="amazon_resources" type="SETUP">
<kw name="Open Browser" owner="SeleniumLibrary">
<msg time="2025-08-07T11:43:24.374199" level="INFO">Opening browser 'chrome' to base url 'None'.</msg>
<arg>browser=chrome</arg>
<doc>Opens a new browser instance to the optional ``url``.</doc>
<status status="PASS" start="2025-08-07T11:43:24.374199" elapsed="3.842332"/>
</kw>
<kw name="Maximize Browser Window" owner="SeleniumLibrary">
<doc>Maximizes current browser window.</doc>
<status status="PASS" start="2025-08-07T11:43:28.216531" elapsed="0.046391"/>
</kw>
<status status="PASS" start="2025-08-07T11:43:24.374199" elapsed="3.888723"/>
</kw>
<kw name="Acessar a home page do site Amazon.com.br" owner="amazon_resources">
<kw name="Go To" owner="SeleniumLibrary">
<msg time="2025-08-07T11:43:28.264908" level="INFO">Opening url 'https://www.amazon.com.br/'</msg>
<arg>url=${URL}</arg>
<doc>Navigates the current browser window to the provided ``url``.</doc>
<status status="PASS" start="2025-08-07T11:43:28.264908" elapsed="13.663501"/>
</kw>
<kw name="Wait Until Element Is Visible" owner="SeleniumLibrary">
<arg>locator=${LOGO_AMAZON}</arg>
<doc>Waits until the element ``locator`` is visible.</doc>
<status status="PASS" start="2025-08-07T11:43:41.928409" elapsed="0.039477"/>
</kw>
<status status="PASS" start="2025-08-07T11:43:28.263910" elapsed="13.703976"/>
</kw>
<kw name="Entrar no menu &quot;Livros&quot;" owner="amazon_resources">
<kw name="Click Element" owner="SeleniumLibrary">
<msg time="2025-08-07T11:43:41.969498" level="INFO">Clicking element '//a[contains(text(),'Livros')]'.</msg>
<arg>locator=${LIVROS_BUTTON}</arg>
<doc>Click the element identified by ``locator``.</doc>
<status status="PASS" start="2025-08-07T11:43:41.969498" elapsed="9.651445"/>
</kw>
<status status="PASS" start="2025-08-07T11:43:41.967886" elapsed="9.653057"/>
</kw>
<kw name="Verificar se aparece a frase &quot;Loja de Livros&quot;" owner="amazon_resources">
<kw name="Wait Until Page Contains" owner="SeleniumLibrary">
<arg>text=${HEADER_LIVROS}</arg>
<doc>Waits until ``text`` appears on the current page.</doc>
<status status="PASS" start="2025-08-07T11:43:51.621932" elapsed="0.087745"/>
</kw>
<kw name="Wait Until Element Is Visible" owner="SeleniumLibrary">
<arg>locator=${HEADING_SENTENCE}</arg>
<doc>Waits until the element ``locator`` is visible.</doc>
<status status="PASS" start="2025-08-07T11:43:51.709677" elapsed="0.079086"/>
</kw>
<status status="PASS" start="2025-08-07T11:43:51.621932" elapsed="0.167929"/>
</kw>
<kw name="Verifique que o título da página fica &quot;Livros | Amazon.com.br&quot;" owner="amazon_resources" source_name="Verifique que o título da página fica &quot;${TITLE}&quot;">
<kw name="Title Should Be" owner="SeleniumLibrary">
<msg time="2025-08-07T11:43:51.804210" level="INFO">Page title is 'Livros | Amazon.com.br'.</msg>
<arg>title=${TITLE}</arg>
<doc>Verifies that the current page title equals ``title``.</doc>
<status status="PASS" start="2025-08-07T11:43:51.790775" elapsed="0.013435"/>
</kw>
<status status="PASS" start="2025-08-07T11:43:51.789861" elapsed="0.015367"/>
</kw>
<kw name="Verificar se aparece a categoria &quot;Kindle Unlimited&quot;" owner="amazon_resources" source_name="Verificar se aparece a categoria &quot;${CATEGORY}&quot;">
<kw name="Element Should Be Visible" owner="SeleniumLibrary">
<msg time="2025-08-07T11:43:51.865698" level="INFO">Element '//div[contains(@class,'container')]/*[@alt="Kindle Unlimited"]' is displayed.</msg>
<arg>locator=//div[contains(@class,'container')]/*[@alt="${CATEGORY}"]</arg>
<doc>Verifies that the element identified by ``locator`` is visible.</doc>
<status status="PASS" start="2025-08-07T11:43:51.806321" elapsed="0.059377"/>
</kw>
<status status="PASS" start="2025-08-07T11:43:51.805228" elapsed="0.060470"/>
</kw>
<kw name="Fechar o navegador" owner="amazon_resources" type="TEARDOWN">
<kw name="Capture Page Screenshot" owner="SeleniumLibrary">
<msg time="2025-08-07T11:43:52.145159" level="INFO" html="true">&lt;/td&gt;&lt;/tr&gt;&lt;tr&gt;&lt;td colspan="3"&gt;&lt;a href="selenium-screenshot-1.png"&gt;&lt;img src="selenium-screenshot-1.png" width="800px"&gt;&lt;/a&gt;</msg>
<doc>Takes a screenshot of the current page and embeds it into a log file.</doc>
<status status="PASS" start="2025-08-07T11:43:51.867612" elapsed="0.277547"/>
</kw>
<kw name="Close Browser" owner="SeleniumLibrary">
<doc>Closes the current browser.</doc>
<status status="PASS" start="2025-08-07T11:43:52.146189" elapsed="2.502624"/>
</kw>
<status status="PASS" start="2025-08-07T11:43:51.866610" elapsed="2.782203"/>
</kw>
<doc>Validar resultado da pesquisa por categoria e
verificação do retorno de categoria "Kindle Unlimited"</doc>
<tag>categorias</tag>
<tag>menus</tag>
<status status="PASS" start="2025-08-07T11:43:24.373470" elapsed="30.275343"/>
</test>
<test id="s1-t2" name="Test Case 2 - Product search" line="19">
<kw name="Abrir o navegador" owner="amazon_resources" type="SETUP">
<kw name="Open Browser" owner="SeleniumLibrary">
<msg time="2025-08-07T11:43:54.648813" level="INFO">Opening browser 'chrome' to base url 'None'.</msg>
<arg>browser=chrome</arg>
<doc>Opens a new browser instance to the optional ``url``.</doc>
<status status="PASS" start="2025-08-07T11:43:54.648813" elapsed="3.786288"/>
</kw>
<kw name="Maximize Browser Window" owner="SeleniumLibrary">
<doc>Maximizes current browser window.</doc>
<status status="PASS" start="2025-08-07T11:43:58.436102" elapsed="0.054930"/>
</kw>
<status status="PASS" start="2025-08-07T11:43:54.648813" elapsed="3.842219"/>
</kw>
<kw name="Acessar a home page do site Amazon.com.br" owner="amazon_resources">
<kw name="Go To" owner="SeleniumLibrary">
<msg time="2025-08-07T11:43:58.493027" level="INFO">Opening url 'https://www.amazon.com.br/'</msg>
<arg>url=${URL}</arg>
<doc>Navigates the current browser window to the provided ``url``.</doc>
<status status="PASS" start="2025-08-07T11:43:58.492031" elapsed="12.219581"/>
</kw>
<kw name="Wait Until Element Is Visible" owner="SeleniumLibrary">
<arg>locator=${LOGO_AMAZON}</arg>
<doc>Waits until the element ``locator`` is visible.</doc>
<status status="PASS" start="2025-08-07T11:44:10.711612" elapsed="0.047442"/>
</kw>
<status status="PASS" start="2025-08-07T11:43:58.492031" elapsed="12.267023"/>
</kw>
<kw name="Digitar o nome de produto &quot;Do átomo ao buraco negro&quot; no campo de pesquisa" owner="amazon_resources" source_name="Digitar o nome de produto &quot;${PRODUTO}&quot; no campo de pesquisa">
<kw name="Input Text" owner="SeleniumLibrary">
<msg time="2025-08-07T11:44:10.761120" level="INFO">Typing text 'Do átomo ao buraco negro' into text field '//div[contains(@class,'field')]/*[@type="text"]'.</msg>
<arg>//div[contains(@class,'field')]/*[@type="text"]</arg>
<arg>${PRODUTO}</arg>
<doc>Types the given ``text`` into the text field identified by ``locator``.</doc>
<status status="PASS" start="2025-08-07T11:44:10.760067" elapsed="0.373793"/>
</kw>
<status status="PASS" start="2025-08-07T11:44:10.760067" elapsed="0.373793"/>
</kw>
<kw name="Clicar no botão de pesquisa" owner="amazon_resources">
<kw name="Click Button" owner="SeleniumLibrary">
<msg time="2025-08-07T11:44:11.138615" level="INFO">Clicking button '//input[contains(@id,'search-submit')]'.</msg>
<arg>locator=//input[contains(@id,'search-submit')]</arg>
<doc>Clicks the button identified by ``locator``.</doc>
<status status="PASS" start="2025-08-07T11:44:11.137628" elapsed="4.156340"/>
</kw>
<status status="PASS" start="2025-08-07T11:44:11.136607" elapsed="4.157361"/>
</kw>
<kw name="O sistema deve exibir a tela com o resultado da pesquisa &quot;Do átomo ao buraco negro&quot; listando o produto" owner="amazon_resources" source_name="O sistema deve exibir a tela com o resultado da pesquisa ${PRODUTO} listando o produto">
<kw name="Element Should Be Visible" owner="SeleniumLibrary">
<msg time="2025-08-07T11:44:15.349010" level="INFO">Element '//span[contains(text(), '"Do átomo ao buraco negro"')]' is displayed.</msg>
<arg>locator=//span[contains(text(), '${PRODUTO}')]</arg>
<doc>Verifies that the element identified by ``locator`` is visible.</doc>
<status status="PASS" start="2025-08-07T11:44:15.295961" elapsed="0.053049"/>
</kw>
<status status="PASS" start="2025-08-07T11:44:15.294958" elapsed="0.054052"/>
</kw>
<kw name="Fechar o navegador" owner="amazon_resources" type="TEARDOWN">
<kw name="Capture Page Screenshot" owner="SeleniumLibrary">
<msg time="2025-08-07T11:44:15.601839" level="INFO" html="true">&lt;/td&gt;&lt;/tr&gt;&lt;tr&gt;&lt;td colspan="3"&gt;&lt;a href="selenium-screenshot-2.png"&gt;&lt;img src="selenium-screenshot-2.png" width="800px"&gt;&lt;/a&gt;</msg>
<doc>Takes a screenshot of the current page and embeds it into a log file.</doc>
<status status="PASS" start="2025-08-07T11:44:15.350018" elapsed="0.251821"/>
</kw>
<kw name="Close Browser" owner="SeleniumLibrary">
<doc>Closes the current browser.</doc>
<status status="PASS" start="2025-08-07T11:44:15.601839" elapsed="2.491924"/>
</kw>
<status status="PASS" start="2025-08-07T11:44:15.350018" elapsed="2.743745"/>
</kw>
<doc>Validar resultado da pesquisa por produto específico</doc>
<tag>busca_produtos lista_busca</tag>
<status status="PASS" start="2025-08-07T11:43:54.648813" elapsed="23.444950"/>
</test>
<doc>Essa suite testa o site da Amazon.com.br</doc>
<status status="PASS" start="2025-08-07T11:43:23.923455" elapsed="54.170308"/>
</suite>
<statistics>
<total>
<stat pass="2" fail="0" skip="0">All Tests</stat>
</total>
<tag>
<stat pass="1" fail="0" skip="0">busca_produtos lista_busca</stat>
<stat pass="1" fail="0" skip="0">categorias</stat>
<stat pass="1" fail="0" skip="0">menus</stat>
</tag>
<suite>
<stat name="Amazon Test" id="s1" pass="2" fail="0" skip="0">Amazon Test</stat>
</suite>
</statistics>
<errors>
</errors>
</robot>
